{"target": 0.7415, "params": {"cpuct": 0.5327627978296486, "drawValue": 0.8752529976634223, "fpu": 0.9911812889131061}, "datetime": {"datetime": "2020-06-15 21:23:32", "elapsed": 0.0, "delta": 0.0}}
{"target": 0.7512000000000001, "params": {"cpuct": 1.545, "drawValue": 0.6913, "fpu": 0.8545}, "datetime": {"datetime": "2020-06-15 21:26:25", "elapsed": 173.205965, "delta": 173.205965}}
{"target": 0.7426999999999999, "params": {"cpuct": 2.502132028215444, "drawValue": 0.7203244934421581, "fpu": 0.00011437481734488664}, "datetime": {"datetime": "2020-06-15 21:29:18", "elapsed": 345.904508, "delta": 172.698543}}
{"target": 0.7491, "params": {"cpuct": 1.8139954357910386, "drawValue": 0.14675589081711304, "fpu": 0.0923385947687978}, "datetime": {"datetime": "2020-06-15 21:32:10", "elapsed": 518.813718, "delta": 172.90921}}
{"target": 0.7532, "params": {"cpuct": 1.1175612682660254, "drawValue": 0.34556072704304774, "fpu": 0.39676747423066994}, "datetime": {"datetime": "2020-06-15 21:35:04", "elapsed": 692.836968, "delta": 174.02325}}
{"target": 0.7389, "params": {"cpuct": 3.2329004040201417, "drawValue": 0.4191945144032948, "fpu": 0.6852195003967595}, "datetime": {"datetime": "2020-06-15 21:37:55", "elapsed": 863.502565, "delta": 170.665597}}
{"target": 0.75, "params": {"cpuct": 1.2267134983891046, "drawValue": 0.8781174363909454, "fpu": 0.027387593197926163}, "datetime": {"datetime": "2020-06-15 21:40:52", "elapsed": 1040.026693, "delta": 176.524128}}
{"target": 0.7339, "params": {"cpuct": 4.022805061070414, "drawValue": 0.41730480236712697, "fpu": 0.5586898284457517}, "datetime": {"datetime": "2020-06-15 21:43:46", "elapsed": 1214.840645, "delta": 174.813952}}
{"target": 0.7498, "params": {"cpuct": 0.8423216315714026, "drawValue": 0.1981014890848788, "fpu": 0.8007445686755367}, "datetime": {"datetime": "2020-06-15 21:46:41", "elapsed": 1389.300838, "delta": 174.460193}}
{"target": 0.725, "params": {"cpuct": 5.809569454316385, "drawValue": 0.31342417815924284, "fpu": 0.6923226156693141}, "datetime": {"datetime": "2020-06-15 21:49:32", "elapsed": 1560.433613, "delta": 171.132775}}
{"target": 0.725, "params": {"cpuct": 6.0, "drawValue": 1.0, "fpu": 1.0}, "datetime": {"datetime": "2020-06-15 21:52:24", "elapsed": 1732.184313, "delta": 171.7507}}
{"target": 0.2531, "params": {"cpuct": 0.0, "drawValue": 7.568979467755555e-09, "fpu": 0.0}, "datetime": {"datetime": "2020-06-15 21:54:48", "elapsed": 1875.997377, "delta": 143.813064}}
{"target": 0.7215, "params": {"cpuct": 6.0, "drawValue": 1.0, "fpu": 0.0}, "datetime": {"datetime": "2020-06-15 21:57:41", "elapsed": 2048.882443, "delta": 172.885066}}
{"target": 0.7355000000000002, "params": {"cpuct": 3.451627763240511, "drawValue": 0.015830356577987148, "fpu": 0.0005918122812620386}, "datetime": {"datetime": "2020-06-15 22:00:37", "elapsed": 2225.069214, "delta": 176.186771}}
{"target": 0.7311, "params": {"cpuct": 4.521729434450929, "drawValue": 0.0005584271456323675, "fpu": 0.9935503851571039}, "datetime": {"datetime": "2020-06-15 22:03:29", "elapsed": 2397.028414, "delta": 171.9592}}
{"target": 0.7271, "params": {"cpuct": 4.717812449481713, "drawValue": 1.0, "fpu": 0.0}, "datetime": {"datetime": "2020-06-15 22:06:22", "elapsed": 2570.137289, "delta": 173.108875}}
{"target": 0.7228, "params": {"cpuct": 6.0, "drawValue": 0.0, "fpu": 0.0}, "datetime": {"datetime": "2020-06-15 22:09:11", "elapsed": 2739.385358, "delta": 169.248069}}
{"target": 0.7471, "params": {"cpuct": 1.9211117150878394, "drawValue": 0.0, "fpu": 1.0}, "datetime": {"datetime": "2020-06-15 22:12:00", "elapsed": 2908.348742, "delta": 168.963384}}
{"target": 0.7323, "params": {"cpuct": 4.57140377904973, "drawValue": 1.0, "fpu": 1.0}, "datetime": {"datetime": "2020-06-15 22:14:49", "elapsed": 3077.619433, "delta": 169.270691}}
{"target": 0.7273, "params": {"cpuct": 5.007458275478501, "drawValue": 0.0, "fpu": 0.0}, "datetime": {"datetime": "2020-06-15 22:17:39", "elapsed": 3247.589005, "delta": 169.969572}}
{"target": 0.7358, "params": {"cpuct": 3.482584976903577, "drawValue": 1.0, "fpu": 0.0}, "datetime": {"datetime": "2020-06-15 22:20:29", "elapsed": 3417.475906, "delta": 169.886901}}
{"target": 0.7462000000000001, "params": {"cpuct": 1.5539300028697933, "drawValue": 0.9994904686124719, "fpu": 0.3566142464097535}, "datetime": {"datetime": "2020-06-15 22:23:23", "elapsed": 3591.505448, "delta": 174.029542}}
{"target": 0.7243999999999999, "params": {"cpuct": 6.0, "drawValue": 0.0, "fpu": 1.0}, "datetime": {"datetime": "2020-06-15 22:26:12", "elapsed": 3760.863033, "delta": 169.357585}}
{"target": 0.7472, "params": {"cpuct": 1.1230551564646791, "drawValue": 0.3488818030629308, "fpu": 0.9996437250120083}, "datetime": {"datetime": "2020-06-15 22:29:03", "elapsed": 3931.226322, "delta": 170.363289}}
{"target": 0.7372999999999998, "params": {"cpuct": 3.2089539242775675, "drawValue": 0.9842635511599445, "fpu": 0.9831033224648058}, "datetime": {"datetime": "2020-06-15 22:31:55", "elapsed": 4103.39971, "delta": 172.173388}}
{"target": 0.7454, "params": {"cpuct": 2.4802035796452344, "drawValue": 0.0, "fpu": 0.426971954304442}, "datetime": {"datetime": "2020-06-15 22:34:47", "elapsed": 4275.643843, "delta": 172.244133}}
{"target": 0.7613, "params": {"cpuct": 0.816171064994458, "drawValue": 1.0, "fpu": 0.5254685776263238}, "datetime": {"datetime": "2020-06-15 22:37:41", "elapsed": 4449.214137, "delta": 173.570294}}
{"target": 0.737, "params": {"cpuct": 3.3133306559038846, "drawValue": 0.05613349105373022, "fpu": 0.9983586882807186}, "datetime": {"datetime": "2020-06-15 22:40:33", "elapsed": 4621.316068, "delta": 172.101931}}
{"target": 0.7474, "params": {"cpuct": 1.0032160655588154, "drawValue": 0.9888470267399659, "fpu": 0.9490590887442636}, "datetime": {"datetime": "2020-06-15 22:43:27", "elapsed": 4795.04157, "delta": 173.725502}}
{"target": 0.7437, "params": {"cpuct": 2.4472545639089405, "drawValue": 0.441994125636658, "fpu": 1.0}, "datetime": {"datetime": "2020-06-15 22:46:20", "elapsed": 4968.340301, "delta": 173.298731}}
{"target": 0.7509999999999999, "params": {"cpuct": 1.8059430406459889, "drawValue": 0.34640258426660897, "fpu": 0.5344681293940601}, "datetime": {"datetime": "2020-06-15 22:49:11", "elapsed": 5139.582553, "delta": 171.242252}}
{"target": 0.7575, "params": {"cpuct": 1.025274383643904, "drawValue": 0.7245170432931292, "fpu": 0.6500229354064029}, "datetime": {"datetime": "2020-06-15 22:52:07", "elapsed": 5315.147997, "delta": 175.565444}}
{"target": 0.7546, "params": {"cpuct": 1.274725225838094, "drawValue": 0.002925454337724509, "fpu": 0.7260607509950201}, "datetime": {"datetime": "2020-06-15 22:55:01", "elapsed": 5489.786874, "delta": 174.638877}}
{"target": 0.7461, "params": {"cpuct": 2.069654161968044, "drawValue": 0.9880408006304057, "fpu": 0.9911891957739429}, "datetime": {"datetime": "2020-06-15 22:57:56", "elapsed": 5664.279591, "delta": 174.492717}}
{"target": 0.7267, "params": {"cpuct": 5.2849083836358925, "drawValue": 0.998688925562839, "fpu": 0.5240444518844029}, "datetime": {"datetime": "2020-06-15 23:00:48", "elapsed": 5836.252946, "delta": 171.973355}}
{"target": 0.7274, "params": {"cpuct": 5.213671249520979, "drawValue": 0.4547057755795869, "fpu": 0.9806244597089665}, "datetime": {"datetime": "2020-06-15 23:03:40", "elapsed": 6008.238605, "delta": 171.985659}}
{"target": 0.7429000000000001, "params": {"cpuct": 2.7105251479560257, "drawValue": 0.019245776696038885, "fpu": 0.025414786100920073}, "datetime": {"datetime": "2020-06-15 23:06:32", "elapsed": 6180.573695, "delta": 172.33509}}
{"target": 0.7421, "params": {"cpuct": 2.696527788252884, "drawValue": 0.9969794740929536, "fpu": 0.5053621251691118}, "datetime": {"datetime": "2020-06-15 23:09:29", "elapsed": 6357.48963, "delta": 176.915935}}
{"target": 0.7506, "params": {"cpuct": 1.1154675968902137, "drawValue": 0.9931028541460256, "fpu": 0.39608052522196824}, "datetime": {"datetime": "2020-06-15 23:12:24", "elapsed": 6532.723836, "delta": 175.234206}}
{"target": 0.7508, "params": {"cpuct": 1.7375695942679525, "drawValue": 1.0, "fpu": 1.2091859189516853e-09}, "datetime": {"datetime": "2020-06-15 23:15:22", "elapsed": 6710.412051, "delta": 177.688215}}
{"target": 0.7506, "params": {"cpuct": 1.6280680455012235, "drawValue": 0.593402396722134, "fpu": 0.01980889651481854}, "datetime": {"datetime": "2020-06-15 23:18:18", "elapsed": 6886.70764, "delta": 176.295589}}
{"target": 0.7552, "params": {"cpuct": 0.5018876659554976, "drawValue": 0.9909060367240575, "fpu": 0.563800270398252}, "datetime": {"datetime": "2020-06-15 23:21:13", "elapsed": 7061.519582, "delta": 174.811942}}
{"target": 0.7237, "params": {"cpuct": 5.468474207674701, "drawValue": 0.5213738118906203, "fpu": 0.00048093305884799875}, "datetime": {"datetime": "2020-06-15 23:24:07", "elapsed": 7235.619434, "delta": 174.099852}}
{"target": 0.7474, "params": {"cpuct": 0.6945572493341867, "drawValue": 0.9855177078079554, "fpu": 0.7472433859129368}, "datetime": {"datetime": "2020-06-15 23:27:02", "elapsed": 7409.90984, "delta": 174.290406}}
{"target": 0.7213, "params": {"cpuct": 0.6390665028344296, "drawValue": 0.9968837474349389, "fpu": 0.01442833636624008}, "datetime": {"datetime": "2020-06-15 23:29:56", "elapsed": 7584.852906, "delta": 174.943066}}
{"target": 0.6527, "params": {"cpuct": 0.0, "drawValue": 0.8871405916882044, "fpu": 1.0}, "datetime": {"datetime": "2020-06-15 23:32:56", "elapsed": 7764.496644, "delta": 179.643738}}
{"target": 0.7349, "params": {"cpuct": 3.9438205311866517, "drawValue": 0.9867200207958113, "fpu": 0.5353154262304792}, "datetime": {"datetime": "2020-06-15 23:35:52", "elapsed": 7940.252393, "delta": 175.755749}}
{"target": 0.7304, "params": {"cpuct": 4.239481517681858, "drawValue": 0.0, "fpu": 3.167809427044949e-10}, "datetime": {"datetime": "2020-06-15 23:38:47", "elapsed": 8114.882754, "delta": 174.630361}}
{"target": 0.7547, "params": {"cpuct": 0.7415748208675099, "drawValue": 0.7068272334971721, "fpu": 0.466618584977074}, "datetime": {"datetime": "2020-06-15 23:41:41", "elapsed": 8289.414934, "delta": 174.53218}}
{"target": 0.7359, "params": {"cpuct": 3.823201701099735, "drawValue": 0.6984696971445233, "fpu": 0.9908073309044404}, "datetime": {"datetime": "2020-06-15 23:44:35", "elapsed": 8463.278437, "delta": 173.863503}}
{"target": 0.7272, "params": {"cpuct": 5.374329688235288, "drawValue": 0.0024792534492300566, "fpu": 0.6496785225590249}, "datetime": {"datetime": "2020-06-15 23:47:30", "elapsed": 8637.939764, "delta": 174.661327}}
{"target": 0.7496, "params": {"cpuct": 1.6872788785160335, "drawValue": 0.003826039305689144, "fpu": 0.44714620749754697}, "datetime": {"datetime": "2020-06-15 23:50:24", "elapsed": 8811.909378, "delta": 173.969614}}
{"target": 0.7293999999999999, "params": {"cpuct": 4.055360410401766, "drawValue": 0.5471588417363206, "fpu": 0.004747969128847673}, "datetime": {"datetime": "2020-06-15 23:53:18", "elapsed": 8986.010532, "delta": 174.101154}}
{"target": 0.7479, "params": {"cpuct": 1.013078162539529, "drawValue": 0.039645164305043834, "fpu": 0.9906326976677435}, "datetime": {"datetime": "2020-06-15 23:56:13", "elapsed": 9161.763981, "delta": 175.753449}}
{"target": 0.7422999999999998, "params": {"cpuct": 2.616726623483562, "drawValue": 7.776500865552816e-05, "fpu": 0.9152024902227688}, "datetime": {"datetime": "2020-06-15 23:59:07", "elapsed": 9335.859518, "delta": 174.095537}}
{"target": 0.7544, "params": {"cpuct": 0.7203607988204788, "drawValue": 0.9941699681380817, "fpu": 0.32755126837935755}, "datetime": {"datetime": "2020-06-16 00:02:04", "elapsed": 9511.910416, "delta": 176.050898}}
{"target": 0.7313, "params": {"cpuct": 4.741703330102968, "drawValue": 0.4652975159199916, "fpu": 0.4465526610139483}, "datetime": {"datetime": "2020-06-16 00:04:58", "elapsed": 9686.216457, "delta": 174.306041}}
{"target": 0.7533, "params": {"cpuct": 1.3381051765958112, "drawValue": 0.38125242359499045, "fpu": 0.5740863973217075}, "datetime": {"datetime": "2020-06-16 00:07:52", "elapsed": 9860.82816, "delta": 174.611703}}
{"target": 0.7481, "params": {"cpuct": 2.143772776612406, "drawValue": 0.7518728351911, "fpu": 0.5237777706647744}, "datetime": {"datetime": "2020-06-16 00:10:51", "elapsed": 10038.937409, "delta": 178.109249}}
{"target": 0.7482, "params": {"cpuct": 2.197148025122777, "drawValue": 0.0064433963714425335, "fpu": 0.03117073033359219}, "datetime": {"datetime": "2020-06-16 00:13:49", "elapsed": 10217.061578, "delta": 178.124169}}
{"target": 0.753, "params": {"cpuct": 0.8341710240439955, "drawValue": 0.5588376874834753, "fpu": 0.7045113294768444}, "datetime": {"datetime": "2020-06-16 00:16:54", "elapsed": 10402.100341, "delta": 185.038763}}
{"target": 0.7472999999999999, "params": {"cpuct": 2.1508593432991647, "drawValue": 0.9921984711820948, "fpu": 0.0015018853042677582}, "datetime": {"datetime": "2020-06-16 00:19:46", "elapsed": 10574.487085, "delta": 172.386744}}
{"target": 0.7483999999999998, "params": {"cpuct": 1.6203059333565775, "drawValue": 0.9849253826096476, "fpu": 0.9904528664271377}, "datetime": {"datetime": "2020-06-16 00:22:41", "elapsed": 10749.832086, "delta": 175.345001}}
{"target": 0.7544, "params": {"cpuct": 1.0274116598715144, "drawValue": 0.6747648907236735, "fpu": 0.4129461318195231}, "datetime": {"datetime": "2020-06-16 00:25:35", "elapsed": 10923.088639, "delta": 173.256553}}
{"target": 0.7574, "params": {"cpuct": 0.7610889146718007, "drawValue": 0.8887987902992426, "fpu": 0.49079400454985656}, "datetime": {"datetime": "2020-06-16 00:28:27", "elapsed": 11095.396117, "delta": 172.307478}}
{"target": 0.7463, "params": {"cpuct": 2.1616277134556343, "drawValue": 0.3642349542660984, "fpu": 0.08207408979504327}, "datetime": {"datetime": "2020-06-16 00:31:20", "elapsed": 11268.338623, "delta": 172.942506}}
{"target": 0.7568, "params": {"cpuct": 0.772278130339539, "drawValue": 0.9941899915153499, "fpu": 0.4838519801606639}, "datetime": {"datetime": "2020-06-16 00:34:13", "elapsed": 11441.795405, "delta": 173.456782}}
{"target": 0.7561, "params": {"cpuct": 1.0866942176443286, "drawValue": 0.2672370782600443, "fpu": 0.6817138690900096}, "datetime": {"datetime": "2020-06-16 00:37:14", "elapsed": 11622.39941, "delta": 180.604005}}
{"target": 0.7472, "params": {"cpuct": 1.8972486557819017, "drawValue": 0.6002035753925996, "fpu": 0.9884815295451195}, "datetime": {"datetime": "2020-06-16 00:40:12", "elapsed": 11800.537877, "delta": 178.138467}}
{"target": 0.7604, "params": {"cpuct": 0.8321515917932671, "drawValue": 0.8939716646278445, "fpu": 0.5206635304811155}, "datetime": {"datetime": "2020-06-16 00:43:15", "elapsed": 11983.519477, "delta": 182.9816}}
{"target": 0.7566000000000002, "params": {"cpuct": 0.878391896263119, "drawValue": 0.873468271994954, "fpu": 0.48979163670506654}, "datetime": {"datetime": "2020-06-16 00:46:15", "elapsed": 12162.936535, "delta": 179.417058}}
{"target": 0.7583, "params": {"cpuct": 0.71043098260156, "drawValue": 0.9540830808312927, "fpu": 0.4978727129411873}, "datetime": {"datetime": "2020-06-16 00:49:14", "elapsed": 12342.28239, "delta": 179.345855}}
{"target": 0.759, "params": {"cpuct": 0.8077727983486023, "drawValue": 0.8429206749886702, "fpu": 0.5383477257505452}, "datetime": {"datetime": "2020-06-16 00:52:13", "elapsed": 12521.471032, "delta": 179.188642}}
{"target": 0.7588000000000001, "params": {"cpuct": 0.7411965563278262, "drawValue": 0.9758659860582735, "fpu": 0.502652176372074}, "datetime": {"datetime": "2020-06-16 00:55:12", "elapsed": 12700.862685, "delta": 179.391653}}
{"target": 0.7585999999999999, "params": {"cpuct": 0.7363137560750919, "drawValue": 0.9202410335382785, "fpu": 0.5019832139332814}, "datetime": {"datetime": "2020-06-16 00:58:21", "elapsed": 12889.787323, "delta": 188.924638}}
{"target": 0.7583, "params": {"cpuct": 0.7166736442892645, "drawValue": 0.9941732747605714, "fpu": 0.5288824799139625}, "datetime": {"datetime": "2020-06-16 01:01:32", "elapsed": 13080.739111, "delta": 190.951788}}
{"target": 0.7543, "params": {"cpuct": 0.7529211835460916, "drawValue": 0.9771974163627235, "fpu": 0.46155099983262193}, "datetime": {"datetime": "2020-06-16 01:04:42", "elapsed": 13270.286712, "delta": 189.547601}}
{"target": 0.7574, "params": {"cpuct": 1.171571489384198, "drawValue": 0.0013721071109995542, "fpu": 0.5793703552920093}, "datetime": {"datetime": "2020-06-16 01:07:51", "elapsed": 13459.365757, "delta": 189.079045}}
{"target": 0.7583, "params": {"cpuct": 1.2372078750991897, "drawValue": 0.11233809516695592, "fpu": 0.5239981994930482}, "datetime": {"datetime": "2020-06-16 01:11:01", "elapsed": 13649.57311, "delta": 190.207353}}
{"target": 0.7544, "params": {"cpuct": 1.2624792132064557, "drawValue": 0.02329410942670984, "fpu": 0.42450044853232494}, "datetime": {"datetime": "2020-06-16 01:14:11", "elapsed": 13839.14841, "delta": 189.5753}}
{"target": 0.7559999999999999, "params": {"cpuct": 1.1326519082293527, "drawValue": 0.1067514429144899, "fpu": 0.6414552498884581}, "datetime": {"datetime": "2020-06-16 01:17:23", "elapsed": 14031.129008, "delta": 191.980598}}
{"target": 0.7594, "params": {"cpuct": 0.8595549800142792, "drawValue": 0.790245046699967, "fpu": 0.5450474885738746}, "datetime": {"datetime": "2020-06-16 01:20:18", "elapsed": 14206.581899, "delta": 175.452891}}
{"target": 0.7581, "params": {"cpuct": 0.7819371692849997, "drawValue": 0.8034960338979568, "fpu": 0.5554772172463892}, "datetime": {"datetime": "2020-06-16 01:23:10", "elapsed": 14378.00285, "delta": 171.420951}}
